<?xml version="1.0" encoding="UTF-8"?>

<!--
  ~ Copyright (c) 2016. ArtRunners Ltd.
  ~
  -->

<persistence version="2.1"
             xmlns="http://xmlns.jcp.org/xml/ns/persistence" xmlns:xsi="http://www.w3.org/2001/XMLSchema-instance"
             xsi:schemaLocation="
        http://xmlns.jcp.org/xml/ns/persistence
        http://xmlns.jcp.org/xml/ns/persistence/persistence_2_1.xsd">
    <persistence-unit name="test" transaction-type="JTA">
        <description>Test Persistence Unit</description>
        <provider>org.hibernate.ejb.HibernatePersistence</provider>
        <jta-data-source>java:jboss/datasources/ArtRunnersTestDS</jta-data-source>
        <exclude-unlisted-classes>false</exclude-unlisted-classes>

        <properties>
            <!-- Properties for Hibernate -->
            <property name="hibernate.dialect" value="org.hibernate.dialect.MySQL5Dialect"/>


            <!-- New properties of JPA 2.1 -->
            <property name="javax.persistence.schema-generation.database.action" value="drop-and-create"/>
            <property name="javax.persistence.schema-generation.create-source" value="script"/>
            <property name="javax.persistence.schema-generation.create-script-source" value="META-INF/create.sql"/>
            <property name="javax.persistence.schema-generation.drop-source" value="script"/>
            <property name="javax.persistence.schema-generation.drop-script-source" value="META-INF/drop.sql"/>
            <property name="javax.persistence.sql-load-script-source" value="META-INF/data.sql"/>

        </properties>
    </persistence-unit>
</persistence>

